# JRE version: OpenJDK Runtime Environment (8.0_112-b06) (build 1.8.0_112-release-b06)
# Java VM: OpenJDK 64-Bit Server VM (25.112-b06 mixed mode linux-amd64 compressed oops)
Heap:
 PSYoungGen      total 311296K, used 43865K [0x00000000e0000000, 0x00000000f5c80000, 0x0000000100000000)
  eden space 265728K, 0% used [0x00000000e0000000,0x00000000e0000000,0x00000000f0380000)
  from space 45568K, 96% used [0x00000000f0380000,0x00000000f2e567e8,0x00000000f3000000)
  to   space 40448K, 0% used [0x00000000f3500000,0x00000000f3500000,0x00000000f5c80000)
 ParOldGen       total 151552K, used 77001K [0x00000000a0000000, 0x00000000a9400000, 0x00000000e0000000)
  object space 151552K, 50% used [0x00000000a0000000,0x00000000a4b325d0,0x00000000a9400000)
 Metaspace       used 78387K, capacity 84638K, committed 87960K, reserved 1126400K
  class space    used 9806K, capacity 10622K, committed 11416K, reserved 1048576K
GC Heap History (10 events):
Event: 9408.089 GC heap after
Heap after GC invocations=40 (full 4):
 PSYoungGen      total 259584K, used 18719K [0x00000000e0000000, 0x00000000f2b00000, 0x0000000100000000)
  eden space 222208K, 0% used [0x00000000e0000000,0x00000000e0000000,0x00000000ed900000)
  from space 37376K, 50% used [0x00000000f0680000,0x00000000f18c7df0,0x00000000f2b00000)
  to   space 41984K, 0% used [0x00000000ed900000,0x00000000ed900000,0x00000000f0200000)
 ParOldGen       total 151552K, used 76969K [0x00000000a0000000, 0x00000000a9400000, 0x00000000e0000000)
  object space 151552K, 50% used [0x00000000a0000000,0x00000000a4b2a5d0,0x00000000a9400000)
 Metaspace       used 77586K, capacity 83626K, committed 87960K, reserved 1126400K
  class space    used 9740K, capacity 10518K, committed 11416K, reserved 1048576K
}
Event: 10745.205 GC heap before
{Heap before GC invocations=41 (full 4):
 PSYoungGen      total 259584K, used 240927K [0x00000000e0000000, 0x00000000f2b00000, 0x0000000100000000)
  eden space 222208K, 100% used [0x00000000e0000000,0x00000000ed900000,0x00000000ed900000)
  from space 37376K, 50% used [0x00000000f0680000,0x00000000f18c7df0,0x00000000f2b00000)
  to   space 41984K, 0% used [0x00000000ed900000,0x00000000ed900000,0x00000000f0200000)
 ParOldGen       total 151552K, used 76969K [0x00000000a0000000, 0x00000000a9400000, 0x00000000e0000000)
  object space 151552K, 50% used [0x00000000a0000000,0x00000000a4b2a5d0,0x00000000a9400000)
 Metaspace       used 77871K, capacity 83958K, committed 87960K, reserved 1126400K
  class space    used 9769K, capacity 10566K, committed 11416K, reserved 1048576K
Event: 10745.352 GC heap after
Heap after GC invocations=41 (full 4):
 PSYoungGen      total 264192K, used 40215K [0x00000000e0000000, 0x00000000f4700000, 0x0000000100000000)
  eden space 222208K, 0% used [0x00000000e0000000,0x00000000e0000000,0x00000000ed900000)
  from space 41984K, 95% used [0x00000000ed900000,0x00000000f0045e20,0x00000000f0200000)
  to   space 46592K, 0% used [0x00000000f1980000,0x00000000f1980000,0x00000000f4700000)
 ParOldGen       total 151552K, used 76977K [0x00000000a0000000, 0x00000000a9400000, 0x00000000e0000000)
  object space 151552K, 50% used [0x00000000a0000000,0x00000000a4b2c5d0,0x00000000a9400000)
 Metaspace       used 77871K, capacity 83958K, committed 87960K, reserved 1126400K
  class space    used 9769K, capacity 10566K, committed 11416K, reserved 1048576K
}
Event: 10749.836 GC heap before
{Heap before GC invocations=42 (full 4):
 PSYoungGen      total 264192K, used 262423K [0x00000000e0000000, 0x00000000f4700000, 0x0000000100000000)
  eden space 222208K, 100% used [0x00000000e0000000,0x00000000ed900000,0x00000000ed900000)
  from space 41984K, 95% used [0x00000000ed900000,0x00000000f0045e20,0x00000000f0200000)
  to   space 46592K, 0% used [0x00000000f1980000,0x00000000f1980000,0x00000000f4700000)
 ParOldGen       total 151552K, used 76977K [0x00000000a0000000, 0x00000000a9400000, 0x00000000e0000000)
  object space 151552K, 50% used [0x00000000a0000000,0x00000000a4b2c5d0,0x00000000a9400000)
 Metaspace       used 77915K, capacity 84026K, committed 87960K, reserved 1126400K
  class space    used 9770K, capacity 10566K, committed 11416K, reserved 1048576K
Event: 10749.967 GC heap after
Heap after GC invocations=42 (full 4):
 PSYoungGen      total 286720K, used 34790K [0x00000000e0000000, 0x00000000f5100000, 0x0000000100000000)
  eden space 240128K, 0% used [0x00000000e0000000,0x00000000e0000000,0x00000000eea80000)
  from space 46592K, 74% used [0x00000000f1980000,0x00000000f3b79990,0x00000000f4700000)
  to   space 48128K, 0% used [0x00000000eea80000,0x00000000eea80000,0x00000000f1980000)
 ParOldGen       total 151552K, used 76977K [0x00000000a0000000, 0x00000000a9400000, 0x00000000e0000000)
  object space 151552K, 50% used [0x00000000a0000000,0x00000000a4b2c5d0,0x00000000a9400000)
 Metaspace       used 77915K, capacity 84026K, committed 87960K, reserved 1126400K
  class space    used 9770K, capacity 10566K, committed 11416K, reserved 1048576K
}
Event: 10753.138 GC heap before
{Heap before GC invocations=43 (full 4):
 PSYoungGen      total 286720K, used 274849K [0x00000000e0000000, 0x00000000f5100000, 0x0000000100000000)
  eden space 240128K, 99% used [0x00000000e0000000,0x00000000eea6edc0,0x00000000eea80000)
  from space 46592K, 74% used [0x00000000f1980000,0x00000000f3b79990,0x00000000f4700000)
  to   space 48128K, 0% used [0x00000000eea80000,0x00000000eea80000,0x00000000f1980000)
 ParOldGen       total 151552K, used 76977K [0x00000000a0000000, 0x00000000a9400000, 0x00000000e0000000)
  object space 151552K, 50% used [0x00000000a0000000,0x00000000a4b2c5d0,0x00000000a9400000)
 Metaspace       used 77976K, capacity 84094K, committed 87960K, reserved 1126400K
  class space    used 9770K, capacity 10566K, committed 11416K, reserved 1048576K
Event: 10753.187 GC heap after
Heap after GC invocations=43 (full 4):
 PSYoungGen      total 288256K, used 23302K [0x00000000e0000000, 0x00000000f6280000, 0x0000000100000000)
  eden space 240128K, 0% used [0x00000000e0000000,0x00000000e0000000,0x00000000eea80000)
  from space 48128K, 48% used [0x00000000eea80000,0x00000000f0141860,0x00000000f1980000)
  to   space 46592K, 0% used [0x00000000f3500000,0x00000000f3500000,0x00000000f6280000)
 ParOldGen       total 151552K, used 76985K [0x00000000a0000000, 0x00000000a9400000, 0x00000000e0000000)
  object space 151552K, 50% used [0x00000000a0000000,0x00000000a4b2e5d0,0x00000000a9400000)
 Metaspace       used 77976K, capacity 84094K, committed 87960K, reserved 1126400K
  class space    used 9770K, capacity 10566K, committed 11416K, reserved 1048576K
}
Event: 11040.355 GC heap before
{Heap before GC invocations=44 (full 4):
 PSYoungGen      total 288256K, used 263430K [0x00000000e0000000, 0x00000000f6280000, 0x0000000100000000)
  eden space 240128K, 100% used [0x00000000e0000000,0x00000000eea80000,0x00000000eea80000)
  from space 48128K, 48% used [0x00000000eea80000,0x00000000f0141860,0x00000000f1980000)
  to   space 46592K, 0% used [0x00000000f3500000,0x00000000f3500000,0x00000000f6280000)
 ParOldGen       total 151552K, used 76985K [0x00000000a0000000, 0x00000000a9400000, 0x00000000e0000000)
  object space 151552K, 50% used [0x00000000a0000000,0x00000000a4b2e5d0,0x00000000a9400000)
 Metaspace       used 78068K, capacity 84186K, committed 87960K, reserved 1126400K
  class space    used 9778K, capacity 10574K, committed 11416K, reserved 1048576K
Event: 11040.453 GC heap after
Heap after GC invocations=44 (full 4):
 PSYoungGen      total 306176K, used 15803K [0x00000000e0000000, 0x00000000f5c80000, 0x0000000100000000)
  eden space 265728K, 0% used [0x00000000e0000000,0x00000000e0000000,0x00000000f0380000)
  from space 40448K, 39% used [0x00000000f3500000,0x00000000f446ecc0,0x00000000f5c80000)
  to   space 45568K, 0% used [0x00000000f0380000,0x00000000f0380000,0x00000000f3000000)
 ParOldGen       total 151552K, used 76993K [0x00000000a0000000, 0x00000000a9400000, 0x00000000e0000000)
  object space 151552K, 50% used [0x00000000a0000000,0x00000000a4b305d0,0x00000000a9400000)
 Metaspace       used 78068K, capacity 84186K, committed 87960K, reserved 1126400K
  class space    used 9778K, capacity 10574K, committed 11416K, reserved 1048576K
}
Event: 11315.830 GC heap before
{Heap before GC invocations=45 (full 4):
 PSYoungGen      total 306176K, used 281518K [0x00000000e0000000, 0x00000000f5c80000, 0x0000000100000000)
  eden space 265728K, 99% used [0x00000000e0000000,0x00000000f037cd00,0x00000000f0380000)
  from space 40448K, 39% used [0x00000000f3500000,0x00000000f446ecc0,0x00000000f5c80000)
  to   space 45568K, 0% used [0x00000000f0380000,0x00000000f0380000,0x00000000f3000000)
 ParOldGen       total 151552K, used 76993K [0x00000000a0000000, 0x00000000a9400000, 0x00000000e0000000)
  object space 151552K, 50% used [0x00000000a0000000,0x00000000a4b305d0,0x00000000a9400000)
 Metaspace       used 78387K, capacity 84638K, committed 87960K, reserved 1126400K
  class space    used 9806K, capacity 10622K, committed 11416K, reserved 1048576K

